{"$message_type":"diagnostic","message":"cannot find value `bx` in this scope","code":{"code":"E0425","explanation":"An unresolved name was used.\n\nErroneous code examples:\n\n```compile_fail,E0425\nsomething_that_doesnt_exist::foo;\n// error: unresolved name `something_that_doesnt_exist::foo`\n\n// or:\n\ntrait Foo {\n    fn bar() {\n        Self; // error: unresolved name `Self`\n    }\n}\n\n// or:\n\nlet x = unknown_variable;  // error: unresolved name `unknown_variable`\n```\n\nPlease verify that the name wasn't misspelled and ensure that the\nidentifier being referred to is valid for the given situation. Example:\n\n```\nenum something_that_does_exist {\n    Foo,\n}\n```\n\nOr:\n\n```\nmod something_that_does_exist {\n    pub static foo : i32 = 0i32;\n}\n\nsomething_that_does_exist::foo; // ok!\n```\n\nOr:\n\n```\nlet unknown_variable = 12u32;\nlet x = unknown_variable; // ok!\n```\n\nIf the item is not defined in the current module, it must be imported using a\n`use` statement, like so:\n\n```\n# mod foo { pub fn bar() {} }\n# fn main() {\nuse foo::bar;\nbar();\n# }\n```\n\nIf the item you are importing is not defined in some super-module of the\ncurrent module, then it must also be declared as public (e.g., `pub fn`).\n"},"level":"error","spans":[{"file_name":"src\\game.rs","byte_start":4958,"byte_end":4960,"line_start":161,"line_end":161,"column_start":24,"column_end":26,"is_primary":true,"text":[{"text":"        draw_rectangle(bx, by, bw, bh, Color::new(0.0, 0.0, 0.0, 0.6));","highlight_start":24,"highlight_end":26}],"label":"not found in this scope","suggested_replacement":null,"suggestion_applicability":null,"expansion":null}],"children":[],"rendered":"\u001b[1m\u001b[91merror[E0425]\u001b[0m\u001b[1m\u001b[97m: cannot find value `bx` in this scope\u001b[0m\n   \u001b[1m\u001b[96m--> \u001b[0msrc\\game.rs:161:24\n    \u001b[1m\u001b[96m|\u001b[0m\n\u001b[1m\u001b[96m161\u001b[0m \u001b[1m\u001b[96m|\u001b[0m         draw_rectangle(bx, by, bw, bh, Color::new(0.0, 0.0, 0.0, 0.6));\n    \u001b[1m\u001b[96m|\u001b[0m                        \u001b[1m\u001b[91m^^\u001b[0m \u001b[1m\u001b[91mnot found in this scope\u001b[0m\n\n"}
{"$message_type":"diagnostic","message":"cannot find value `by` in this scope","code":{"code":"E0425","explanation":"An unresolved name was used.\n\nErroneous code examples:\n\n```compile_fail,E0425\nsomething_that_doesnt_exist::foo;\n// error: unresolved name `something_that_doesnt_exist::foo`\n\n// or:\n\ntrait Foo {\n    fn bar() {\n        Self; // error: unresolved name `Self`\n    }\n}\n\n// or:\n\nlet x = unknown_variable;  // error: unresolved name `unknown_variable`\n```\n\nPlease verify that the name wasn't misspelled and ensure that the\nidentifier being referred to is valid for the given situation. Example:\n\n```\nenum something_that_does_exist {\n    Foo,\n}\n```\n\nOr:\n\n```\nmod something_that_does_exist {\n    pub static foo : i32 = 0i32;\n}\n\nsomething_that_does_exist::foo; // ok!\n```\n\nOr:\n\n```\nlet unknown_variable = 12u32;\nlet x = unknown_variable; // ok!\n```\n\nIf the item is not defined in the current module, it must be imported using a\n`use` statement, like so:\n\n```\n# mod foo { pub fn bar() {} }\n# fn main() {\nuse foo::bar;\nbar();\n# }\n```\n\nIf the item you are importing is not defined in some super-module of the\ncurrent module, then it must also be declared as public (e.g., `pub fn`).\n"},"level":"error","spans":[{"file_name":"src\\game.rs","byte_start":4962,"byte_end":4964,"line_start":161,"line_end":161,"column_start":28,"column_end":30,"is_primary":true,"text":[{"text":"        draw_rectangle(bx, by, bw, bh, Color::new(0.0, 0.0, 0.0, 0.6));","highlight_start":28,"highlight_end":30}],"label":"not found in this scope","suggested_replacement":null,"suggestion_applicability":null,"expansion":null}],"children":[],"rendered":"\u001b[1m\u001b[91merror[E0425]\u001b[0m\u001b[1m\u001b[97m: cannot find value `by` in this scope\u001b[0m\n   \u001b[1m\u001b[96m--> \u001b[0msrc\\game.rs:161:28\n    \u001b[1m\u001b[96m|\u001b[0m\n\u001b[1m\u001b[96m161\u001b[0m \u001b[1m\u001b[96m|\u001b[0m         draw_rectangle(bx, by, bw, bh, Color::new(0.0, 0.0, 0.0, 0.6));\n    \u001b[1m\u001b[96m|\u001b[0m                            \u001b[1m\u001b[91m^^\u001b[0m \u001b[1m\u001b[91mnot found in this scope\u001b[0m\n\n"}
{"$message_type":"diagnostic","message":"cannot find value `bw` in this scope","code":{"code":"E0425","explanation":"An unresolved name was used.\n\nErroneous code examples:\n\n```compile_fail,E0425\nsomething_that_doesnt_exist::foo;\n// error: unresolved name `something_that_doesnt_exist::foo`\n\n// or:\n\ntrait Foo {\n    fn bar() {\n        Self; // error: unresolved name `Self`\n    }\n}\n\n// or:\n\nlet x = unknown_variable;  // error: unresolved name `unknown_variable`\n```\n\nPlease verify that the name wasn't misspelled and ensure that the\nidentifier being referred to is valid for the given situation. Example:\n\n```\nenum something_that_does_exist {\n    Foo,\n}\n```\n\nOr:\n\n```\nmod something_that_does_exist {\n    pub static foo : i32 = 0i32;\n}\n\nsomething_that_does_exist::foo; // ok!\n```\n\nOr:\n\n```\nlet unknown_variable = 12u32;\nlet x = unknown_variable; // ok!\n```\n\nIf the item is not defined in the current module, it must be imported using a\n`use` statement, like so:\n\n```\n# mod foo { pub fn bar() {} }\n# fn main() {\nuse foo::bar;\nbar();\n# }\n```\n\nIf the item you are importing is not defined in some super-module of the\ncurrent module, then it must also be declared as public (e.g., `pub fn`).\n"},"level":"error","spans":[{"file_name":"src\\game.rs","byte_start":4966,"byte_end":4968,"line_start":161,"line_end":161,"column_start":32,"column_end":34,"is_primary":true,"text":[{"text":"        draw_rectangle(bx, by, bw, bh, Color::new(0.0, 0.0, 0.0, 0.6));","highlight_start":32,"highlight_end":34}],"label":"not found in this scope","suggested_replacement":null,"suggestion_applicability":null,"expansion":null}],"children":[],"rendered":"\u001b[1m\u001b[91merror[E0425]\u001b[0m\u001b[1m\u001b[97m: cannot find value `bw` in this scope\u001b[0m\n   \u001b[1m\u001b[96m--> \u001b[0msrc\\game.rs:161:32\n    \u001b[1m\u001b[96m|\u001b[0m\n\u001b[1m\u001b[96m161\u001b[0m \u001b[1m\u001b[96m|\u001b[0m         draw_rectangle(bx, by, bw, bh, Color::new(0.0, 0.0, 0.0, 0.6));\n    \u001b[1m\u001b[96m|\u001b[0m                                \u001b[1m\u001b[91m^^\u001b[0m \u001b[1m\u001b[91mnot found in this scope\u001b[0m\n\n"}
{"$message_type":"diagnostic","message":"cannot find value `bh` in this scope","code":{"code":"E0425","explanation":"An unresolved name was used.\n\nErroneous code examples:\n\n```compile_fail,E0425\nsomething_that_doesnt_exist::foo;\n// error: unresolved name `something_that_doesnt_exist::foo`\n\n// or:\n\ntrait Foo {\n    fn bar() {\n        Self; // error: unresolved name `Self`\n    }\n}\n\n// or:\n\nlet x = unknown_variable;  // error: unresolved name `unknown_variable`\n```\n\nPlease verify that the name wasn't misspelled and ensure that the\nidentifier being referred to is valid for the given situation. Example:\n\n```\nenum something_that_does_exist {\n    Foo,\n}\n```\n\nOr:\n\n```\nmod something_that_does_exist {\n    pub static foo : i32 = 0i32;\n}\n\nsomething_that_does_exist::foo; // ok!\n```\n\nOr:\n\n```\nlet unknown_variable = 12u32;\nlet x = unknown_variable; // ok!\n```\n\nIf the item is not defined in the current module, it must be imported using a\n`use` statement, like so:\n\n```\n# mod foo { pub fn bar() {} }\n# fn main() {\nuse foo::bar;\nbar();\n# }\n```\n\nIf the item you are importing is not defined in some super-module of the\ncurrent module, then it must also be declared as public (e.g., `pub fn`).\n"},"level":"error","spans":[{"file_name":"src\\game.rs","byte_start":4970,"byte_end":4972,"line_start":161,"line_end":161,"column_start":36,"column_end":38,"is_primary":true,"text":[{"text":"        draw_rectangle(bx, by, bw, bh, Color::new(0.0, 0.0, 0.0, 0.6));","highlight_start":36,"highlight_end":38}],"label":"not found in this scope","suggested_replacement":null,"suggestion_applicability":null,"expansion":null}],"children":[],"rendered":"\u001b[1m\u001b[91merror[E0425]\u001b[0m\u001b[1m\u001b[97m: cannot find value `bh` in this scope\u001b[0m\n   \u001b[1m\u001b[96m--> \u001b[0msrc\\game.rs:161:36\n    \u001b[1m\u001b[96m|\u001b[0m\n\u001b[1m\u001b[96m161\u001b[0m \u001b[1m\u001b[96m|\u001b[0m         draw_rectangle(bx, by, bw, bh, Color::new(0.0, 0.0, 0.0, 0.6));\n    \u001b[1m\u001b[96m|\u001b[0m                                    \u001b[1m\u001b[91m^^\u001b[0m \u001b[1m\u001b[91mnot found in this scope\u001b[0m\n\n"}
{"$message_type":"diagnostic","message":"aborting due to 4 previous errors","code":null,"level":"error","spans":[],"children":[],"rendered":"\u001b[1m\u001b[91merror\u001b[0m\u001b[1m\u001b[97m: aborting due to 4 previous errors\u001b[0m\n\n"}
{"$message_type":"diagnostic","message":"For more information about this error, try `rustc --explain E0425`.","code":null,"level":"failure-note","spans":[],"children":[],"rendered":"\u001b[1m\u001b[97mFor more information about this error, try `rustc --explain E0425`.\u001b[0m\n"}
